# JRE version: OpenJDK Runtime Environment Corretto-11.0.25.9.1 (11.0.25+9) (build 11.0.25+9-LTS)
# Java VM: OpenJDK 64-Bit Server VM Corretto-11.0.25.9.1 (11.0.25+9-LTS, mixed mode, tiered, compressed oops, g1 gc, windows-amd64)
Heap:
 garbage-first heap   total 305152K, used 135906K [0x0000000709400000, 0x0000000800000000)
  region size 1024K, 121 young (123904K), 16 survivors (16384K)
 Metaspace       used 77886K, capacity 79958K, committed 80048K, reserved 1118208K
  class space    used 9597K, capacity 10424K, committed 10496K, reserved 1048576K
GC Heap History (14 events):
Event: 0.617 GC heap before
{Heap before GC invocations=0 (full 0):
 garbage-first heap   total 253952K, used 24576K [0x0000000709400000, 0x0000000800000000)
  region size 1024K, 24 young (24576K), 0 survivors (0K)
 Metaspace       used 11799K, capacity 11980K, committed 12288K, reserved 1060864K
  class space    used 1112K, capacity 1184K, committed 1280K, reserved 1048576K
}
Event: 0.620 GC heap after
{Heap after GC invocations=1 (full 0):
 garbage-first heap   total 253952K, used 6782K [0x0000000709400000, 0x0000000800000000)
  region size 1024K, 3 young (3072K), 3 survivors (3072K)
 Metaspace       used 11799K, capacity 11980K, committed 12288K, reserved 1060864K
  class space    used 1112K, capacity 1184K, committed 1280K, reserved 1048576K
}
Event: 1.503 GC heap before
{Heap before GC invocations=1 (full 0):
 garbage-first heap   total 253952K, used 52862K [0x0000000709400000, 0x0000000800000000)
  region size 1024K, 49 young (50176K), 3 survivors (3072K)
 Metaspace       used 20715K, capacity 21154K, committed 21296K, reserved 1069056K
  class space    used 2245K, capacity 2420K, committed 2432K, reserved 1048576K
}
Event: 1.511 GC heap after
{Heap after GC invocations=2 (full 0):
 garbage-first heap   total 253952K, used 9047K [0x0000000709400000, 0x0000000800000000)
  region size 1024K, 6 young (6144K), 6 survivors (6144K)
 Metaspace       used 20715K, capacity 21154K, committed 21296K, reserved 1069056K
  class space    used 2245K, capacity 2420K, committed 2432K, reserved 1048576K
}
Event: 2.051 GC heap before
{Heap before GC invocations=3 (full 0):
 garbage-first heap   total 253952K, used 57175K [0x0000000709400000, 0x0000000800000000)
  region size 1024K, 54 young (55296K), 6 survivors (6144K)
 Metaspace       used 26329K, capacity 26873K, committed 26928K, reserved 1073152K
  class space    used 2959K, capacity 3195K, committed 3200K, reserved 1048576K
}
Event: 2.057 GC heap after
{Heap after GC invocations=4 (full 0):
 garbage-first heap   total 253952K, used 10787K [0x0000000709400000, 0x0000000800000000)
  region size 1024K, 4 young (4096K), 4 survivors (4096K)
 Metaspace       used 26329K, capacity 26873K, committed 26928K, reserved 1073152K
  class space    used 2959K, capacity 3195K, committed 3200K, reserved 1048576K
}
Event: 3.216 GC heap before
{Heap before GC invocations=4 (full 0):
 garbage-first heap   total 253952K, used 98851K [0x0000000709400000, 0x0000000800000000)
  region size 1024K, 91 young (93184K), 4 survivors (4096K)
 Metaspace       used 34684K, capacity 35469K, committed 35632K, reserved 1081344K
  class space    used 4020K, capacity 4358K, committed 4480K, reserved 1048576K
}
Event: 3.230 GC heap after
{Heap after GC invocations=5 (full 0):
 garbage-first heap   total 253952K, used 14046K [0x0000000709400000, 0x0000000800000000)
  region size 1024K, 8 young (8192K), 8 survivors (8192K)
 Metaspace       used 34684K, capacity 35469K, committed 35632K, reserved 1081344K
  class space    used 4020K, capacity 4358K, committed 4480K, reserved 1048576K
}
Event: 5.871 GC heap before
{Heap before GC invocations=6 (full 0):
 garbage-first heap   total 253952K, used 129758K [0x0000000709400000, 0x0000000800000000)
  region size 1024K, 121 young (123904K), 8 survivors (8192K)
 Metaspace       used 55591K, capacity 56966K, committed 57008K, reserved 1099776K
  class space    used 6814K, capacity 7395K, committed 7424K, reserved 1048576K
}
Event: 5.882 GC heap after
{Heap after GC invocations=7 (full 0):
 garbage-first heap   total 305152K, used 22056K [0x0000000709400000, 0x0000000800000000)
  region size 1024K, 15 young (15360K), 15 survivors (15360K)
 Metaspace       used 55591K, capacity 56966K, committed 57008K, reserved 1099776K
  class space    used 6814K, capacity 7395K, committed 7424K, reserved 1048576K
}
Event: 6.121 GC heap before
{Heap before GC invocations=7 (full 0):
 garbage-first heap   total 305152K, used 37416K [0x0000000709400000, 0x0000000800000000)
  region size 1024K, 31 young (31744K), 15 survivors (15360K)
 Metaspace       used 58152K, capacity 59557K, committed 59696K, reserved 1101824K
  class space    used 7105K, capacity 7703K, committed 7808K, reserved 1048576K
}
Event: 6.137 GC heap after
{Heap after GC invocations=8 (full 0):
 garbage-first heap   total 305152K, used 23870K [0x0000000709400000, 0x0000000800000000)
  region size 1024K, 14 young (14336K), 14 survivors (14336K)
 Metaspace       used 58152K, capacity 59557K, committed 59696K, reserved 1101824K
  class space    used 7105K, capacity 7703K, committed 7808K, reserved 1048576K
}
Event: 8.205 GC heap before
{Heap before GC invocations=9 (full 0):
 garbage-first heap   total 305152K, used 177470K [0x0000000709400000, 0x0000000800000000)
  region size 1024K, 164 young (167936K), 14 survivors (14336K)
 Metaspace       used 71457K, capacity 73298K, committed 73520K, reserved 1114112K
  class space    used 8807K, capacity 9533K, committed 9600K, reserved 1048576K
}
Event: 8.215 GC heap after
{Heap after GC invocations=10 (full 0):
 garbage-first heap   total 305152K, used 29410K [0x0000000709400000, 0x0000000800000000)
  region size 1024K, 16 young (16384K), 16 survivors (16384K)
 Metaspace       used 71457K, capacity 73298K, committed 73520K, reserved 1114112K
  class space    used 8807K, capacity 9533K, committed 9600K, reserved 1048576K
}

